#
# A fatal error has been detected by the Java Runtime Environment:
#
#  EXCEPTION_ACCESS_VIOLATION (0xc0000005) at pc=0x00007ffb2fbd3b5e, pid=2136, tid=4664
#
# JRE version: Java(TM) SE Runtime Environment (21.0.6+8) (build 21.0.6+8-LTS-188)
# Java VM: Java HotSpot(TM) 64-Bit Server VM (21.0.6+8-LTS-188, mixed mode, sharing, tiered, compressed oops, compressed class ptrs, g1 gc, windows-amd64)
# Problematic frame:
# V  [jvm.dll+0x443b5e]
#
# No core dump will be written. Minidumps are not enabled by default on client versions of Windows
#
# If you would like to submit a bug report, please visit:
#   https://bugreport.java.com/bugreport/crash.jsp
#

---------------  S U M M A R Y ------------

Command Line: -Djava.library.path=C:/lab08/JNI/src/main/java/pl/e_science/git/jni -javaagent:C:\Program Files\JetBrains\IntelliJ IDEA 2024.3.4\lib\idea_rt.jar=62584 -Dfile.encoding=UTF-8 -Dsun.stdout.encoding=UTF-8 -Dsun.stderr.encoding=UTF-8 pl.e_science.git.ivahan0788.PerformanceTestWithMockito

Host: 11th Gen Intel(R) Core(TM) i5-1135G7 @ 2.40GHz, 8 cores, 15G,  Windows 10 , 64 bit Build 19041 (10.0.19041.5678)
Time: Tue May  6 22:04:41 2025  Windows 10 , 64 bit Build 19041 (10.0.19041.5678) elapsed time: 4.343682 seconds (0d 0h 0m 4s)

---------------  T H R E A D  ---------------

Current thread (0x000002d802ad2ea0):  JavaThread "main"             [_thread_in_vm, id=4664, stack(0x000000e59d700000,0x000000e59d800000) (1024K)]

Stack: [0x000000e59d700000,0x000000e59d800000],  sp=0x000000e59d7ff010,  free space=1020k
Native frames: (J=compiled Java code, j=interpreted, Vv=VM code, C=native code)
V  [jvm.dll+0x443b5e]
C  [nativesorter.dll+0x151c]

Java frames: (J=compiled Java code, j=interpreted, Vv=VM code)
j  pl.e_science.git.ivahan0788.NativeSorter.sort01([Ljava/lang/Double;Ljava/lang/Boolean;)[Ljava/lang/Double;+0
j  pl.e_science.git.ivahan0788.PerformanceTestWithMockito.main([Ljava/lang/String;)V+186
v  ~StubRoutines::call_stub 0x000002d8146710e7

siginfo: EXCEPTION_ACCESS_VIOLATION (0xc0000005), reading address 0x0000000000000000


Registers:
RAX=0x0000000000000000, RBX=0x000002d802ad2ea0, RCX=0x000002d802ad3258, RDX=0x0000000000000000
RSP=0x000000e59d7ff010, RBP=0x000000e59d7ff0b0, RSI=0x0000000000000000, RDI=0x0000000000000000
R8 =0x00007ffb2fbd3ab0, R9 =0x0000000000000000, R10=0x000002d81467cf1c, R11=0x0000000000000101
R12=0x0000000000000000, R13=0x000002d865c8e240, R14=0x000000e59d7ff180, R15=0x000002d802ad2ea0
RIP=0x00007ffb2fbd3b5e, EFLAGS=0x0000000000010293


Register to memory mapping:

RAX=0x0 is null
RBX=0x000002d802ad2ea0 is a thread
RCX=0x000002d802ad3258 points into unknown readable memory: 0x00007ffb3034f620 | 20 f6 34 30 fb 7f 00 00
RDX=0x0 is null
RSP=0x000000e59d7ff010 is pointing into the stack for thread: 0x000002d802ad2ea0
RBP=0x000000e59d7ff0b0 is pointing into the stack for thread: 0x000002d802ad2ea0
RSI=0x0 is null
RDI=0x0 is null
R8 =0x00007ffb2fbd3ab0 jvm.dll
R9 =0x0 is null
R10=0x000002d81467cf1c is at code_begin+1020 in an Interpreter codelet
native method entry point (kind = native)  [0x000002d81467cb20, 0x000002d81467d748]  3112 bytes
R11=0x0000000000000101 is an unknown value
R12=0x0 is null
R13={method} {0x000002d865c8e248} 'sort01' '([Ljava/lang/Double;Ljava/lang/Boolean;)[Ljava/lang/Double;' in 'pl/e_science/git/ivahan0788/NativeSorter'
R14=0x000000e59d7ff180 is pointing into the stack for thread: 0x000002d802ad2ea0
R15=0x000002d802ad2ea0 is a thread

Top of Stack: (sp=0x000000e59d7ff010)
0x000000e59d7ff010:   0000000000000000 0000000712aba600
0x000000e59d7ff020:   000002d86512a120 0000000000000000
0x000000e59d7ff030:   000002d8146789d2 00007ffb8443151c
0x000000e59d7ff040:   000002d865c8e240 0000000000000000
0x000000e59d7ff050:   0000000711e48bf0 000000e59d7ff058
0x000000e59d7ff060:   000002d865c96acc 0000000000000003
0x000000e59d7ff070:   000002d8659c2c70 0000000000000000
0x000000e59d7ff080:   0000000712a25b58 000002d865c96af8
0x000000e59d7ff090:   0000000000000000 000000e59d7ff0b0
0x000000e59d7ff0a0:   000000e59d7ff108 000002d814678d06
0x000000e59d7ff0b0:   0000000711e46be8 000002d865c8e240
0x000000e59d7ff0c0:   000000e59d7ff150 000002d81467cf4b
0x000000e59d7ff0d0:   000002d802ad3258 000000e59d7ff180
0x000000e59d7ff0e0:   0000000000000000 0000000000000000
0x000000e59d7ff0f0:   000002d865411a00 0000000000000000
0x000000e59d7ff100:   000000e59d7ff118 000000e59d7ff108
0x000000e59d7ff110:   0000000000000000 0000000000000006
0x000000e59d7ff120:   000002d865c8ec48 0000000000000000
0x000000e59d7ff130:   0000000706cd0ee8 000002d865c8e240
0x000000e59d7ff140:   0000000000000000 000000e59d7ff170
0x000000e59d7ff150:   000000e59d7ff1d0 000002d8146789d2
0x000000e59d7ff160:   0000000000000000 000002d81467a3da
0x000000e59d7ff170:   0000000000000000 0000000000000000
0x000000e59d7ff180:   0000000712ba9fa0 000000e59d7ff188
0x000000e59d7ff190:   000002d865405f0a 000000000000000c
0x000000e59d7ff1a0:   000002d865408168 0000000000000000
0x000000e59d7ff1b0:   0000000705000560 000002d865408000
0x000000e59d7ff1c0:   000000e59d7ff170 000000e59d7ff230
0x000000e59d7ff1d0:   000000e59d7ff410 000002d8146710e7
0x000000e59d7ff1e0:   0000000000000000 0000000000000000
0x000000e59d7ff1f0:   0000000069639188 0000000000000000
0x000000e59d7ff200:   0000000030cf6ce8 0000000000000000 

Instructions: (pc=0x00007ffb2fbd3b5e)
0x00007ffb2fbd3a5e:   5f 5e 5b c3 cc cc cc cc cc cc cc cc cc cc cc cc
0x00007ffb2fbd3a6e:   cc cc 40 53 48 83 ec 20 8b 81 b0 00 00 00 48 81
0x00007ffb2fbd3a7e:   c1 48 fc ff ff 05 53 21 ff ff 49 8b d8 83 f8 01
0x00007ffb2fbd3a8e:   77 05 e8 eb 75 fa ff 48 85 db 74 0d 48 8b cb 48
0x00007ffb2fbd3a9e:   83 c4 20 5b e9 39 bd c7 ff 48 83 c4 20 5b c3 cc
0x00007ffb2fbd3aae:   cc cc 48 89 5c 24 08 48 89 74 24 10 57 48 83 ec
0x00007ffb2fbd3abe:   20 8b 81 b0 00 00 00 48 8d 99 48 fc ff ff 05 53
0x00007ffb2fbd3ace:   21 ff ff 48 8b fa 83 f8 01 77 08 48 8b cb e8 9f
0x00007ffb2fbd3ade:   75 fa ff 80 3d 41 1c 7e 00 00 c7 83 44 04 00 00
0x00007ffb2fbd3aee:   06 00 00 00 75 06 e8 97 7a 27 00 90 48 8b 83 48
0x00007ffb2fbd3afe:   04 00 00 a8 01 74 0d 45 33 c0 b2 01 48 8b cb e8
0x00007ffb2fbd3b0e:   de 78 2e 00 8b 83 40 04 00 00 a8 0c 74 08 48 8b
0x00007ffb2fbd3b1e:   cb e8 0c 8a fa ff 48 8b c7 c7 83 44 04 00 00 06
0x00007ffb2fbd3b2e:   00 00 00 83 e0 03 48 83 f8 01 75 0f 48 8d 4f ff
0x00007ffb2fbd3b3e:   ff 15 5c 8e 77 00 48 8b c8 eb 18 48 83 f8 02 75
0x00007ffb2fbd3b4e:   0f 48 8d 4f fe ff 15 c7 04 77 00 48 8b c8 eb 03
0x00007ffb2fbd3b5e:   48 8b 0f 80 3d 32 aa 77 00 00 b8 10 00 00 00 48
0x00007ffb2fbd3b6e:   8b bb 98 01 00 00 ba 0c 00 00 00 0f 45 c2 8b 34
0x00007ffb2fbd3b7e:   08 48 8b 47 10 48 83 38 00 74 08 48 8b cf e8 1f
0x00007ffb2fbd3b8e:   a4 f5 ff 48 8b 57 08 48 8b 4f 10 48 89 4a 10 48
0x00007ffb2fbd3b9e:   8b 57 08 48 8b 4f 18 48 89 4a 18 48 8b 4f 20 48
0x00007ffb2fbd3bae:   8b 57 08 48 89 4a 20 48 8d 8b 98 03 00 00 e8 4f
0x00007ffb2fbd3bbe:   00 ed ff 90 8b c6 48 8b 74 24 38 c7 83 44 04 00
0x00007ffb2fbd3bce:   00 04 00 00 00 48 8b 5c 24 30 48 83 c4 20 5f c3
0x00007ffb2fbd3bde:   cc cc 40 53 56 57 48 83 ec 40 8b 81 b0 00 00 00
0x00007ffb2fbd3bee:   48 8d 99 48 fc ff ff 48 89 6c 24 60 05 53 21 ff
0x00007ffb2fbd3bfe:   ff 4c 89 74 24 70 49 8b e9 44 8b f2 49 8b f0 83
0x00007ffb2fbd3c0e:   f8 01 77 08 48 8b cb e8 66 74 fa ff 80 3d 08 1b
0x00007ffb2fbd3c1e:   7e 00 00 c7 83 44 04 00 00 06 00 00 00 75 06 e8
0x00007ffb2fbd3c2e:   5e 79 27 00 90 48 8b 83 48 04 00 00 a8 01 74 0d
0x00007ffb2fbd3c3e:   45 33 c0 b2 01 48 8b cb e8 a5 77 2e 00 8b 83 40
0x00007ffb2fbd3c4e:   04 00 00 a8 0c 74 08 48 8b cb e8 d3 88 fa ff 33 


Stack slot to memory mapping:

stack at sp + 0 slots: 0x0 is null
stack at sp + 1 slots: 0x0000000712aba600 is an oop: java.lang.Class 
{0x0000000712aba600} - klass: 'java/lang/Class'
 - ---- fields (total size 15 words):
 - private volatile transient 'classRedefinedCount' 'I' @12  0 (0x00000000)
 - injected 'klass' 'J' @16  3127357952328 (0x000002d8250f5148)
 - injected 'array_klass' 'J' @24  0 (0x0000000000000000)
 - injected 'oop_size' 'I' @32  15 (0x0000000f)
 - injected 'static_oop_field_count' 'I' @36  0 (0x00000000)
 - private volatile transient 'cachedConstructor' 'Ljava/lang/reflect/Constructor;' @40  null (0x00000000)
 - private transient 'name' 'Ljava/lang/String;' @44  null (0x00000000)
 - private transient 'module' 'Ljava/lang/Module;' @48  a 'java/lang/Module'{0x0000000704f01b28} (0xe09e0365)
 - private final 'classLoader' 'Ljava/lang/ClassLoader;' @52  null (0x00000000)
 - private transient 'classData' 'Ljava/lang/Object;' @56  null (0x00000000)
 - private transient 'packageName' 'Ljava/lang/String;' @60  null (0x00000000)
 - private final 'componentType' 'Ljava/lang/Class;' @64  null (0x00000000)
 - private volatile transient 'reflectionData' 'Ljava/lang/ref/SoftReference;' @68  null (0x00000000)
 - private volatile transient 'genericInfo' 'Lsun/reflect/generics/repository/ClassRepository;' @72  null (0x00000000)
 - private volatile transient 'enumConstants' '[Ljava/lang/Object;' @76  null (0x00000000)
 - private volatile transient 'enumConstantDirectory' 'Ljava/util/Map;' @80  null (0x00000000)
 - private volatile transient 'annotationData' 'Ljava/lang/Class$AnnotationData;' @84  null (0x00000000)
 - private volatile transient 'annotationType' 'Lsun/reflect/annotation/AnnotationType;' @88  null (0x00000000)
 - transient 'classValueMap' 'Ljava/lang/ClassValue$ClassValueMap;' @92  null (0x00000000)
 - injected 'protection_domain' 'Ljava/lang/Object;' @96  null (0x00000000)
 - injected 'signers_name' 'Ljava/lang/Object;' @100  null (0x00000000)
 - injected 'source_file' 'Ljava/lang/Object;' @104  null (0x00000000)
 - injected '<init_lock>' 'Ljava/lang/Object;' @108  null (0x00000000)
 - signature: Ljava/util/Stack;
 - ---- static fields (0):
 - private static final 'serialVersionUID' 'J' @112  1224463164541339165 (0x10fe2ac2bb09861d)
stack at sp + 2 slots: {method} {0x000002d86512a128} 'push' '(Ljava/lang/Object;)Ljava/lang/Object;' in 'java/util/Stack'
stack at sp + 3 slots: 0x0 is null
stack at sp + 4 slots: 0x000002d8146789d2 is at code_begin+1554 in an Interpreter codelet
return entry points  [0x000002d8146783c0, 0x000002d814678f60]  2976 bytes
stack at sp + 5 slots: 0x00007ffb8443151c nativesorter.dll
stack at sp + 6 slots: {method} {0x000002d865c8e248} 'sort01' '([Ljava/lang/Double;Ljava/lang/Boolean;)[Ljava/lang/Double;' in 'pl/e_science/git/ivahan0788/NativeSorter'
stack at sp + 7 slots: 0x0 is null


---------------  P R O C E S S  ---------------

Threads class SMR info:
_java_thread_list=0x000002d869b13420, length=16, elements={
0x000002d802ad2ea0, 0x000002d823da3de0, 0x000002d823da4f90, 0x000002d823da8000,
0x000002d823daac50, 0x000002d823dabbc0, 0x000002d823dac8b0, 0x000002d823dadd30,
0x000002d823db8f50, 0x000002d8690c02b0, 0x000002d86924dd60, 0x000002d86924e3c0,
0x000002d869b394b0, 0x000002d8698ab150, 0x000002d869c90980, 0x000002d869c91bf0
}

Java Threads: ( => current thread )
=>0x000002d802ad2ea0 JavaThread "main"                              [_thread_in_vm, id=4664, stack(0x000000e59d700000,0x000000e59d800000) (1024K)]
  0x000002d823da3de0 JavaThread "Reference Handler"          daemon [_thread_blocked, id=3920, stack(0x000000e59df00000,0x000000e59e000000) (1024K)]
  0x000002d823da4f90 JavaThread "Finalizer"                  daemon [_thread_blocked, id=2784, stack(0x000000e59e000000,0x000000e59e100000) (1024K)]
  0x000002d823da8000 JavaThread "Signal Dispatcher"          daemon [_thread_blocked, id=1516, stack(0x000000e59e100000,0x000000e59e200000) (1024K)]
  0x000002d823daac50 JavaThread "Attach Listener"            daemon [_thread_blocked, id=12032, stack(0x000000e59e200000,0x000000e59e300000) (1024K)]
  0x000002d823dabbc0 JavaThread "Service Thread"             daemon [_thread_blocked, id=10592, stack(0x000000e59e300000,0x000000e59e400000) (1024K)]
  0x000002d823dac8b0 JavaThread "Monitor Deflation Thread"   daemon [_thread_blocked, id=2704, stack(0x000000e59e400000,0x000000e59e500000) (1024K)]
  0x000002d823dadd30 JavaThread "C2 CompilerThread0"         daemon [_thread_blocked, id=8232, stack(0x000000e59e500000,0x000000e59e600000) (1024K)]
  0x000002d823db8f50 JavaThread "C1 CompilerThread0"         daemon [_thread_blocked, id=9088, stack(0x000000e59e600000,0x000000e59e700000) (1024K)]
  0x000002d8690c02b0 JavaThread "Common-Cleaner"             daemon [_thread_blocked, id=2516, stack(0x000000e59e700000,0x000000e59e800000) (1024K)]
  0x000002d86924dd60 JavaThread "Monitor Ctrl-Break"         daemon [_thread_in_native, id=11192, stack(0x000000e59e800000,0x000000e59e900000) (1024K)]
  0x000002d86924e3c0 JavaThread "Notification Thread"        daemon [_thread_blocked, id=14304, stack(0x000000e59e900000,0x000000e59ea00000) (1024K)]
  0x000002d869b394b0 JavaThread "RMI TCP Accept-0"           daemon [_thread_in_native, id=9024, stack(0x000000e59f300000,0x000000e59f400000) (1024K)]
  0x000002d8698ab150 JavaThread "RMI TCP Connection(1)-192.168.0.163" daemon [_thread_in_native, id=11932, stack(0x000000e59f400000,0x000000e59f500000) (1024K)]
  0x000002d869c90980 JavaThread "RMI Scheduler(0)"           daemon [_thread_blocked, id=1700, stack(0x000000e59f000000,0x000000e59f100000) (1024K)]
  0x000002d869c91bf0 JavaThread "JMX server connection timeout 33" daemon [_thread_blocked, id=7348, stack(0x000000e59f500000,0x000000e59f600000) (1024K)]
Total: 16

Other Threads:
  0x000002d823d85a70 VMThread "VM Thread"                           [id=748, stack(0x000000e59de00000,0x000000e59df00000) (1024K)]
  0x000002d823d72650 WatcherThread "VM Periodic Task Thread"        [id=1544, stack(0x000000e59dd00000,0x000000e59de00000) (1024K)]
  0x000002d804d14d50 WorkerThread "GC Thread#0"                     [id=9904, stack(0x000000e59d800000,0x000000e59d900000) (1024K)]
  0x000002d869214f70 WorkerThread "GC Thread#1"                     [id=9124, stack(0x000000e59ea00000,0x000000e59eb00000) (1024K)]
  0x000002d869233c10 WorkerThread "GC Thread#2"                     [id=8824, stack(0x000000e59eb00000,0x000000e59ec00000) (1024K)]
  0x000002d869233fb0 WorkerThread "GC Thread#3"                     [id=5216, stack(0x000000e59ec00000,0x000000e59ed00000) (1024K)]
  0x000002d869234350 WorkerThread "GC Thread#4"                     [id=15160, stack(0x000000e59ed00000,0x000000e59ee00000) (1024K)]
  0x000002d8692346f0 WorkerThread "GC Thread#5"                     [id=11660, stack(0x000000e59ee00000,0x000000e59ef00000) (1024K)]
  0x000002d86989cd80 WorkerThread "GC Thread#6"                     [id=5196, stack(0x000000e59f100000,0x000000e59f200000) (1024K)]
  0x000002d86989d120 WorkerThread "GC Thread#7"                     [id=7244, stack(0x000000e59f200000,0x000000e59f300000) (1024K)]
  0x000002d804d21a60 ConcurrentGCThread "G1 Main Marker"            [id=10212, stack(0x000000e59d900000,0x000000e59da00000) (1024K)]
  0x000002d804d22560 WorkerThread "G1 Conc#0"                       [id=10996, stack(0x000000e59da00000,0x000000e59db00000) (1024K)]
  0x000002d823c45da0 ConcurrentGCThread "G1 Refine#0"               [id=9332, stack(0x000000e59db00000,0x000000e59dc00000) (1024K)]
  0x000002d823c465c0 ConcurrentGCThread "G1 Service"                [id=10132, stack(0x000000e59dc00000,0x000000e59dd00000) (1024K)]
Total: 14

Threads with active compile tasks:
Total: 0

VM state: not at safepoint (normal execution)

VM Mutex/Monitor currently owned by a thread: None

Heap address: 0x0000000703a00000, size: 4038 MB, Compressed Oops mode: Zero based, Oop shift amount: 3

CDS archive(s) mapped at: [0x000002d824000000-0x000002d824c90000-0x000002d824c90000), size 13172736, SharedBaseAddress: 0x000002d824000000, ArchiveRelocationMode: 1.
Compressed class space mapped at: 0x000002d825000000-0x000002d865000000, reserved size: 1073741824
Narrow klass base: 0x000002d824000000, Narrow klass shift: 0, Narrow klass range: 0x100000000

GC Precious Log:
 CardTable entry size: 512
 Card Set container configuration: InlinePtr #cards 4 size 8 Array Of Cards #cards 16 size 48 Howl #buckets 8 coarsen threshold 3686 Howl Bitmap #cards 512 size 80 coarsen threshold 460 Card regions per heap region 1 cards per card region 4096
 CPUs: 8 total, 8 available
 Memory: 16149M
 Large Page Support: Disabled
 NUMA Support: Disabled
 Compressed Oops: Enabled (Zero based)
 Heap Region Size: 2M
 Heap Min Capacity: 8M
 Heap Initial Capacity: 254M
 Heap Max Capacity: 4038M
 Pre-touch: Disabled
 Parallel Workers: 8
 Concurrent Workers: 2
 Concurrent Refinement Workers: 8
 Periodic GC: Disabled

Heap:
 garbage-first heap   total 260096K, used 79991K [0x0000000703a00000, 0x0000000800000000)
  region size 2048K, 13 young (26624K), 1 survivors (2048K)
 Metaspace       used 14026K, committed 14464K, reserved 1114112K
  class space    used 1920K, committed 2112K, reserved 1048576K

Heap Regions: E=young(eden), S=young(survivor), O=old, HS=humongous(starts), HC=humongous(continues), CS=collection set, F=free, TAMS=top-at-mark-start, PB=parsable bottom
|   0|0x0000000703a00000, 0x0000000703c00000, 0x0000000703c00000|100%|HS|  |TAMS 0x0000000703a00000| PB 0x0000000703a00000| Complete 
|   1|0x0000000703c00000, 0x0000000703e00000, 0x0000000703e00000|100%|HC|  |TAMS 0x0000000703c00000| PB 0x0000000703c00000| Complete 
|   2|0x0000000703e00000, 0x0000000704000000, 0x0000000704000000|100%| O|  |TAMS 0x0000000703e00000| PB 0x0000000703e00000| Untracked 
|   3|0x0000000704000000, 0x0000000704200000, 0x0000000704200000|100%| O|  |TAMS 0x0000000704000000| PB 0x0000000704000000| Untracked 
|   4|0x0000000704200000, 0x0000000704400000, 0x0000000704400000|100%| O|  |TAMS 0x0000000704200000| PB 0x0000000704200000| Untracked 
|   5|0x0000000704400000, 0x0000000704600000, 0x0000000704600000|100%| O|  |TAMS 0x0000000704400000| PB 0x0000000704400000| Untracked 
|   6|0x0000000704600000, 0x0000000704800000, 0x0000000704800000|100%| O|  |TAMS 0x0000000704600000| PB 0x0000000704600000| Untracked 
|   7|0x0000000704800000, 0x0000000704a00000, 0x0000000704a00000|100%| O|  |TAMS 0x0000000704800000| PB 0x0000000704800000| Untracked 
|   8|0x0000000704a00000, 0x0000000704c00000, 0x0000000704c00000|100%| O|  |TAMS 0x0000000704a00000| PB 0x0000000704a00000| Untracked 
|   9|0x0000000704c00000, 0x0000000704e00000, 0x0000000704e00000|100%| O|  |TAMS 0x0000000704c00000| PB 0x0000000704c00000| Untracked 
|  10|0x0000000704e00000, 0x0000000705000000, 0x0000000705000000|100%| O|  |TAMS 0x0000000704e00000| PB 0x0000000704e00000| Untracked 
|  11|0x0000000705000000, 0x0000000705200000, 0x0000000705200000|100%| O|  |TAMS 0x0000000705000000| PB 0x0000000705000000| Untracked 
|  12|0x0000000705200000, 0x0000000705400000, 0x0000000705400000|100%| O|  |TAMS 0x0000000705200000| PB 0x0000000705200000| Untracked 
|  13|0x0000000705400000, 0x0000000705600000, 0x0000000705600000|100%| O|  |TAMS 0x0000000705400000| PB 0x0000000705400000| Untracked 
|  14|0x0000000705600000, 0x0000000705800000, 0x0000000705800000|100%| O|  |TAMS 0x0000000705600000| PB 0x0000000705600000| Untracked 
|  15|0x0000000705800000, 0x0000000705a00000, 0x0000000705a00000|100%|HS|  |TAMS 0x0000000705800000| PB 0x0000000705800000| Complete 
|  16|0x0000000705a00000, 0x0000000705c00000, 0x0000000705c00000|100%|HC|  |TAMS 0x0000000705a00000| PB 0x0000000705a00000| Complete 
|  17|0x0000000705c00000, 0x0000000705e00000, 0x0000000705e00000|100%|HS|  |TAMS 0x0000000705c00000| PB 0x0000000705c00000| Complete 
|  18|0x0000000705e00000, 0x0000000706000000, 0x0000000706000000|100%|HC|  |TAMS 0x0000000705e00000| PB 0x0000000705e00000| Complete 
|  19|0x0000000706000000, 0x0000000706200000, 0x0000000706200000|100%|HS|  |TAMS 0x0000000706000000| PB 0x0000000706000000| Complete 
|  20|0x0000000706200000, 0x0000000706400000, 0x0000000706400000|100%|HS|  |TAMS 0x0000000706200000| PB 0x0000000706200000| Complete 
|  21|0x0000000706400000, 0x0000000706600000, 0x0000000706600000|100%|HS|  |TAMS 0x0000000706400000| PB 0x0000000706400000| Complete 
|  22|0x0000000706600000, 0x0000000706800000, 0x0000000706800000|100%|HC|  |TAMS 0x0000000706600000| PB 0x0000000706600000| Complete 
|  23|0x0000000706800000, 0x0000000706a00000, 0x0000000706a00000|100%|HS|  |TAMS 0x0000000706800000| PB 0x0000000706800000| Complete 
|  24|0x0000000706a00000, 0x0000000706c00000, 0x0000000706c00000|100%|HC|  |TAMS 0x0000000706a00000| PB 0x0000000706a00000| Complete 
|  25|0x0000000706c00000, 0x0000000706e00000, 0x0000000706e00000|100%| O|  |TAMS 0x0000000706c00000| PB 0x0000000706c00000| Untracked 
|  26|0x0000000706e00000, 0x0000000707000000, 0x0000000707000000|100%| O|  |TAMS 0x0000000706e00000| PB 0x0000000706e00000| Untracked 
|  27|0x0000000707000000, 0x0000000707057800, 0x0000000707200000| 17%| O|  |TAMS 0x0000000707000000| PB 0x0000000707000000| Untracked 
|  28|0x0000000707200000, 0x0000000707200000, 0x0000000707400000|  0%| F|  |TAMS 0x0000000707200000| PB 0x0000000707200000| Untracked 
|  29|0x0000000707400000, 0x0000000707400000, 0x0000000707600000|  0%| F|  |TAMS 0x0000000707400000| PB 0x0000000707400000| Untracked 
|  30|0x0000000707600000, 0x0000000707600000, 0x0000000707800000|  0%| F|  |TAMS 0x0000000707600000| PB 0x0000000707600000| Untracked 
|  31|0x0000000707800000, 0x0000000707800000, 0x0000000707a00000|  0%| F|  |TAMS 0x0000000707800000| PB 0x0000000707800000| Untracked 
|  32|0x0000000707a00000, 0x0000000707a00000, 0x0000000707c00000|  0%| F|  |TAMS 0x0000000707a00000| PB 0x0000000707a00000| Untracked 
|  33|0x0000000707c00000, 0x0000000707c00000, 0x0000000707e00000|  0%| F|  |TAMS 0x0000000707c00000| PB 0x0000000707c00000| Untracked 
|  34|0x0000000707e00000, 0x0000000707e00000, 0x0000000708000000|  0%| F|  |TAMS 0x0000000707e00000| PB 0x0000000707e00000| Untracked 
|  35|0x0000000708000000, 0x0000000708000000, 0x0000000708200000|  0%| F|  |TAMS 0x0000000708000000| PB 0x0000000708000000| Untracked 
|  36|0x0000000708200000, 0x0000000708200000, 0x0000000708400000|  0%| F|  |TAMS 0x0000000708200000| PB 0x0000000708200000| Untracked 
|  37|0x0000000708400000, 0x0000000708400000, 0x0000000708600000|  0%| F|  |TAMS 0x0000000708400000| PB 0x0000000708400000| Untracked 
|  38|0x0000000708600000, 0x0000000708600000, 0x0000000708800000|  0%| F|  |TAMS 0x0000000708600000| PB 0x0000000708600000| Untracked 
|  39|0x0000000708800000, 0x0000000708800000, 0x0000000708a00000|  0%| F|  |TAMS 0x0000000708800000| PB 0x0000000708800000| Untracked 
|  40|0x0000000708a00000, 0x0000000708a00000, 0x0000000708c00000|  0%| F|  |TAMS 0x0000000708a00000| PB 0x0000000708a00000| Untracked 
|  41|0x0000000708c00000, 0x0000000708c00000, 0x0000000708e00000|  0%| F|  |TAMS 0x0000000708c00000| PB 0x0000000708c00000| Untracked 
|  42|0x0000000708e00000, 0x0000000708e00000, 0x0000000709000000|  0%| F|  |TAMS 0x0000000708e00000| PB 0x0000000708e00000| Untracked 
|  43|0x0000000709000000, 0x0000000709000000, 0x0000000709200000|  0%| F|  |TAMS 0x0000000709000000| PB 0x0000000709000000| Untracked 
|  44|0x0000000709200000, 0x0000000709200000, 0x0000000709400000|  0%| F|  |TAMS 0x0000000709200000| PB 0x0000000709200000| Untracked 
|  45|0x0000000709400000, 0x0000000709400000, 0x0000000709600000|  0%| F|  |TAMS 0x0000000709400000| PB 0x0000000709400000| Untracked 
|  46|0x0000000709600000, 0x0000000709600000, 0x0000000709800000|  0%| F|  |TAMS 0x0000000709600000| PB 0x0000000709600000| Untracked 
|  47|0x0000000709800000, 0x0000000709800000, 0x0000000709a00000|  0%| F|  |TAMS 0x0000000709800000| PB 0x0000000709800000| Untracked 
|  48|0x0000000709a00000, 0x0000000709a00000, 0x0000000709c00000|  0%| F|  |TAMS 0x0000000709a00000| PB 0x0000000709a00000| Untracked 
|  49|0x0000000709c00000, 0x0000000709c00000, 0x0000000709e00000|  0%| F|  |TAMS 0x0000000709c00000| PB 0x0000000709c00000| Untracked 
|  50|0x0000000709e00000, 0x0000000709e00000, 0x000000070a000000|  0%| F|  |TAMS 0x0000000709e00000| PB 0x0000000709e00000| Untracked 
|  51|0x000000070a000000, 0x000000070a000000, 0x000000070a200000|  0%| F|  |TAMS 0x000000070a000000| PB 0x000000070a000000| Untracked 
|  52|0x000000070a200000, 0x000000070a200000, 0x000000070a400000|  0%| F|  |TAMS 0x000000070a200000| PB 0x000000070a200000| Untracked 
|  53|0x000000070a400000, 0x000000070a400000, 0x000000070a600000|  0%| F|  |TAMS 0x000000070a400000| PB 0x000000070a400000| Untracked 
|  54|0x000000070a600000, 0x000000070a600000, 0x000000070a800000|  0%| F|  |TAMS 0x000000070a600000| PB 0x000000070a600000| Untracked 
|  55|0x000000070a800000, 0x000000070a800000, 0x000000070aa00000|  0%| F|  |TAMS 0x000000070a800000| PB 0x000000070a800000| Untracked 
|  56|0x000000070aa00000, 0x000000070aa00000, 0x000000070ac00000|  0%| F|  |TAMS 0x000000070aa00000| PB 0x000000070aa00000| Untracked 
|  57|0x000000070ac00000, 0x000000070ac00000, 0x000000070ae00000|  0%| F|  |TAMS 0x000000070ac00000| PB 0x000000070ac00000| Untracked 
|  58|0x000000070ae00000, 0x000000070ae00000, 0x000000070b000000|  0%| F|  |TAMS 0x000000070ae00000| PB 0x000000070ae00000| Untracked 
|  59|0x000000070b000000, 0x000000070b000000, 0x000000070b200000|  0%| F|  |TAMS 0x000000070b000000| PB 0x000000070b000000| Untracked 
|  60|0x000000070b200000, 0x000000070b200000, 0x000000070b400000|  0%| F|  |TAMS 0x000000070b200000| PB 0x000000070b200000| Untracked 
|  61|0x000000070b400000, 0x000000070b400000, 0x000000070b600000|  0%| F|  |TAMS 0x000000070b400000| PB 0x000000070b400000| Untracked 
|  62|0x000000070b600000, 0x000000070b600000, 0x000000070b800000|  0%| F|  |TAMS 0x000000070b600000| PB 0x000000070b600000| Untracked 
|  63|0x000000070b800000, 0x000000070b800000, 0x000000070ba00000|  0%| F|  |TAMS 0x000000070b800000| PB 0x000000070b800000| Untracked 
|  64|0x000000070ba00000, 0x000000070ba00000, 0x000000070bc00000|  0%| F|  |TAMS 0x000000070ba00000| PB 0x000000070ba00000| Untracked 
|  65|0x000000070bc00000, 0x000000070bc00000, 0x000000070be00000|  0%| F|  |TAMS 0x000000070bc00000| PB 0x000000070bc00000| Untracked 
|  66|0x000000070be00000, 0x000000070be00000, 0x000000070c000000|  0%| F|  |TAMS 0x000000070be00000| PB 0x000000070be00000| Untracked 
|  67|0x000000070c000000, 0x000000070c000000, 0x000000070c200000|  0%| F|  |TAMS 0x000000070c000000| PB 0x000000070c000000| Untracked 
|  68|0x000000070c200000, 0x000000070c200000, 0x000000070c400000|  0%| F|  |TAMS 0x000000070c200000| PB 0x000000070c200000| Untracked 
|  69|0x000000070c400000, 0x000000070c400000, 0x000000070c600000|  0%| F|  |TAMS 0x000000070c400000| PB 0x000000070c400000| Untracked 
|  70|0x000000070c600000, 0x000000070c600000, 0x000000070c800000|  0%| F|  |TAMS 0x000000070c600000| PB 0x000000070c600000| Untracked 
|  71|0x000000070c800000, 0x000000070c800000, 0x000000070ca00000|  0%| F|  |TAMS 0x000000070c800000| PB 0x000000070c800000| Untracked 
|  72|0x000000070ca00000, 0x000000070ca00000, 0x000000070cc00000|  0%| F|  |TAMS 0x000000070ca00000| PB 0x000000070ca00000| Untracked 
|  73|0x000000070cc00000, 0x000000070cc00000, 0x000000070ce00000|  0%| F|  |TAMS 0x000000070cc00000| PB 0x000000070cc00000| Untracked 
|  74|0x000000070ce00000, 0x000000070ce00000, 0x000000070d000000|  0%| F|  |TAMS 0x000000070ce00000| PB 0x000000070ce00000| Untracked 
|  75|0x000000070d000000, 0x000000070d000000, 0x000000070d200000|  0%| F|  |TAMS 0x000000070d000000| PB 0x000000070d000000| Untracked 
|  76|0x000000070d200000, 0x000000070d200000, 0x000000070d400000|  0%| F|  |TAMS 0x000000070d200000| PB 0x000000070d200000| Untracked 
|  77|0x000000070d400000, 0x000000070d400000, 0x000000070d600000|  0%| F|  |TAMS 0x000000070d400000| PB 0x000000070d400000| Untracked 
|  78|0x000000070d600000, 0x000000070d600000, 0x000000070d800000|  0%| F|  |TAMS 0x000000070d600000| PB 0x000000070d600000| Untracked 
|  79|0x000000070d800000, 0x000000070d800000, 0x000000070da00000|  0%| F|  |TAMS 0x000000070d800000| PB 0x000000070d800000| Untracked 
|  80|0x000000070da00000, 0x000000070da00000, 0x000000070dc00000|  0%| F|  |TAMS 0x000000070da00000| PB 0x000000070da00000| Untracked 
|  81|0x000000070dc00000, 0x000000070dc00000, 0x000000070de00000|  0%| F|  |TAMS 0x000000070dc00000| PB 0x000000070dc00000| Untracked 
|  82|0x000000070de00000, 0x000000070de00000, 0x000000070e000000|  0%| F|  |TAMS 0x000000070de00000| PB 0x000000070de00000| Untracked 
|  83|0x000000070e000000, 0x000000070e000000, 0x000000070e200000|  0%| F|  |TAMS 0x000000070e000000| PB 0x000000070e000000| Untracked 
|  84|0x000000070e200000, 0x000000070e200000, 0x000000070e400000|  0%| F|  |TAMS 0x000000070e200000| PB 0x000000070e200000| Untracked 
|  85|0x000000070e400000, 0x000000070e400000, 0x000000070e600000|  0%| F|  |TAMS 0x000000070e400000| PB 0x000000070e400000| Untracked 
|  86|0x000000070e600000, 0x000000070e600000, 0x000000070e800000|  0%| F|  |TAMS 0x000000070e600000| PB 0x000000070e600000| Untracked 
|  87|0x000000070e800000, 0x000000070e800000, 0x000000070ea00000|  0%| F|  |TAMS 0x000000070e800000| PB 0x000000070e800000| Untracked 
|  88|0x000000070ea00000, 0x000000070ea00000, 0x000000070ec00000|  0%| F|  |TAMS 0x000000070ea00000| PB 0x000000070ea00000| Untracked 
|  89|0x000000070ec00000, 0x000000070ec00000, 0x000000070ee00000|  0%| F|  |TAMS 0x000000070ec00000| PB 0x000000070ec00000| Untracked 
|  90|0x000000070ee00000, 0x000000070ee00000, 0x000000070f000000|  0%| F|  |TAMS 0x000000070ee00000| PB 0x000000070ee00000| Untracked 
|  91|0x000000070f000000, 0x000000070f000000, 0x000000070f200000|  0%| F|  |TAMS 0x000000070f000000| PB 0x000000070f000000| Untracked 
|  92|0x000000070f200000, 0x000000070f200000, 0x000000070f400000|  0%| F|  |TAMS 0x000000070f200000| PB 0x000000070f200000| Untracked 
|  93|0x000000070f400000, 0x000000070f400000, 0x000000070f600000|  0%| F|  |TAMS 0x000000070f400000| PB 0x000000070f400000| Untracked 
|  94|0x000000070f600000, 0x000000070f600000, 0x000000070f800000|  0%| F|  |TAMS 0x000000070f600000| PB 0x000000070f600000| Untracked 
|  95|0x000000070f800000, 0x000000070f800000, 0x000000070fa00000|  0%| F|  |TAMS 0x000000070f800000| PB 0x000000070f800000| Untracked 
|  96|0x000000070fa00000, 0x000000070fa00000, 0x000000070fc00000|  0%| F|  |TAMS 0x000000070fa00000| PB 0x000000070fa00000| Untracked 
|  97|0x000000070fc00000, 0x000000070fc00000, 0x000000070fe00000|  0%| F|  |TAMS 0x000000070fc00000| PB 0x000000070fc00000| Untracked 
|  98|0x000000070fe00000, 0x000000070fe00000, 0x0000000710000000|  0%| F|  |TAMS 0x000000070fe00000| PB 0x000000070fe00000| Untracked 
|  99|0x0000000710000000, 0x0000000710000000, 0x0000000710200000|  0%| F|  |TAMS 0x0000000710000000| PB 0x0000000710000000| Untracked 
| 100|0x0000000710200000, 0x0000000710200000, 0x0000000710400000|  0%| F|  |TAMS 0x0000000710200000| PB 0x0000000710200000| Untracked 
| 101|0x0000000710400000, 0x0000000710400000, 0x0000000710600000|  0%| F|  |TAMS 0x0000000710400000| PB 0x0000000710400000| Untracked 
| 102|0x0000000710600000, 0x0000000710600000, 0x0000000710800000|  0%| F|  |TAMS 0x0000000710600000| PB 0x0000000710600000| Untracked 
| 103|0x0000000710800000, 0x0000000710800000, 0x0000000710a00000|  0%| F|  |TAMS 0x0000000710800000| PB 0x0000000710800000| Untracked 
| 104|0x0000000710a00000, 0x0000000710a00000, 0x0000000710c00000|  0%| F|  |TAMS 0x0000000710a00000| PB 0x0000000710a00000| Untracked 
| 105|0x0000000710c00000, 0x0000000710c00000, 0x0000000710e00000|  0%| F|  |TAMS 0x0000000710c00000| PB 0x0000000710c00000| Untracked 
| 106|0x0000000710e00000, 0x0000000710e00000, 0x0000000711000000|  0%| F|  |TAMS 0x0000000710e00000| PB 0x0000000710e00000| Untracked 
| 107|0x0000000711000000, 0x0000000711000000, 0x0000000711200000|  0%| F|  |TAMS 0x0000000711000000| PB 0x0000000711000000| Untracked 
| 108|0x0000000711200000, 0x0000000711200000, 0x0000000711400000|  0%| F|  |TAMS 0x0000000711200000| PB 0x0000000711200000| Untracked 
| 109|0x0000000711400000, 0x0000000711400000, 0x0000000711600000|  0%| F|  |TAMS 0x0000000711400000| PB 0x0000000711400000| Untracked 
| 110|0x0000000711600000, 0x0000000711600000, 0x0000000711800000|  0%| F|  |TAMS 0x0000000711600000| PB 0x0000000711600000| Untracked 
| 111|0x0000000711800000, 0x0000000711800000, 0x0000000711a00000|  0%| F|  |TAMS 0x0000000711800000| PB 0x0000000711800000| Untracked 
| 112|0x0000000711a00000, 0x0000000711a00000, 0x0000000711c00000|  0%| F|  |TAMS 0x0000000711a00000| PB 0x0000000711a00000| Untracked 
| 113|0x0000000711c00000, 0x0000000711c00000, 0x0000000711e00000|  0%| F|  |TAMS 0x0000000711c00000| PB 0x0000000711c00000| Untracked 
| 114|0x0000000711e00000, 0x0000000711e7f880, 0x0000000712000000| 24%| E|  |TAMS 0x0000000711e00000| PB 0x0000000711e00000| Complete 
| 115|0x0000000712000000, 0x0000000712200000, 0x0000000712200000|100%| E|CS|TAMS 0x0000000712000000| PB 0x0000000712000000| Complete 
| 116|0x0000000712200000, 0x0000000712400000, 0x0000000712400000|100%| E|CS|TAMS 0x0000000712200000| PB 0x0000000712200000| Complete 
| 117|0x0000000712400000, 0x0000000712600000, 0x0000000712600000|100%| E|CS|TAMS 0x0000000712400000| PB 0x0000000712400000| Complete 
| 118|0x0000000712600000, 0x0000000712800000, 0x0000000712800000|100%| E|CS|TAMS 0x0000000712600000| PB 0x0000000712600000| Complete 
| 119|0x0000000712800000, 0x0000000712a00000, 0x0000000712a00000|100%| E|CS|TAMS 0x0000000712800000| PB 0x0000000712800000| Complete 
| 120|0x0000000712a00000, 0x0000000712bc6600, 0x0000000712c00000| 88%| S|CS|TAMS 0x0000000712a00000| PB 0x0000000712a00000| Complete 
| 121|0x0000000712c00000, 0x0000000712e00000, 0x0000000712e00000|100%| E|CS|TAMS 0x0000000712c00000| PB 0x0000000712c00000| Complete 
| 122|0x0000000712e00000, 0x0000000713000000, 0x0000000713000000|100%| E|CS|TAMS 0x0000000712e00000| PB 0x0000000712e00000| Complete 
| 123|0x0000000713000000, 0x0000000713200000, 0x0000000713200000|100%| E|CS|TAMS 0x0000000713000000| PB 0x0000000713000000| Complete 
| 124|0x0000000713200000, 0x0000000713400000, 0x0000000713400000|100%| E|CS|TAMS 0x0000000713200000| PB 0x0000000713200000| Complete 
| 125|0x0000000713400000, 0x0000000713600000, 0x0000000713600000|100%| E|CS|TAMS 0x0000000713400000| PB 0x0000000713400000| Complete 
| 126|0x0000000713600000, 0x0000000713800000, 0x0000000713800000|100%| E|CS|TAMS 0x0000000713600000| PB 0x0000000713600000| Complete 

Card table byte_map: [0x000002d81cc60000,0x000002d81d450000] _byte_map_base: 0x000002d819443000

Marking Bits: (CMBitMap*) 0x000002d804d15450
 Bits: [0x000002d81d450000, 0x000002d821368000)

Polling page: 0x000002d802c60000

Metaspace:

Usage:
  Non-class:     11.82 MB used.
      Class:      1.88 MB used.
       Both:     13.70 MB used.

Virtual space:
  Non-class space:       64.00 MB reserved,      12.06 MB ( 19%) committed,  1 nodes.
      Class space:        1.00 GB reserved,       2.06 MB ( <1%) committed,  1 nodes.
             Both:        1.06 GB reserved,      14.12 MB (  1%) committed. 

Chunk freelists:
   Non-Class:  3.23 MB
       Class:  13.98 MB
        Both:  17.22 MB

MaxMetaspaceSize: unlimited
CompressedClassSpaceSize: 1.00 GB
Initial GC threshold: 21.00 MB
Current GC threshold: 21.00 MB
CDS: on
 - commit_granule_bytes: 65536.
 - commit_granule_words: 8192.
 - virtual_space_node_default_size: 8388608.
 - enlarge_chunks_in_place: 1.
 - use_allocation_guard: 0.


Internal statistics:

num_allocs_failed_limit: 0.
num_arena_births: 404.
num_arena_deaths: 0.
num_vsnodes_births: 2.
num_vsnodes_deaths: 0.
num_space_committed: 226.
num_space_uncommitted: 0.
num_chunks_returned_to_freelist: 0.
num_chunks_taken_from_freelist: 774.
num_chunk_merges: 0.
num_chunk_splits: 481.
num_chunks_enlarged: 281.
num_inconsistent_stats: 0.

CodeHeap 'non-profiled nmethods': size=120000Kb used=1147Kb max_used=1147Kb free=118852Kb
 bounds [0x000002d814c10000, 0x000002d814e80000, 0x000002d81c140000]
CodeHeap 'profiled nmethods': size=120000Kb used=4314Kb max_used=4314Kb free=115685Kb
 bounds [0x000002d80d140000, 0x000002d80d580000, 0x000002d814670000]
CodeHeap 'non-nmethods': size=5760Kb used=1600Kb max_used=1635Kb free=4159Kb
 bounds [0x000002d814670000, 0x000002d8148e0000, 0x000002d814c10000]
 total_blobs=3040 nmethods=2511 adapters=433
 compilation: enabled
              stopped_count=0, restarted_count=0
 full_count=0

Compilation events (20 events):
Event: 4.218 Thread 0x000002d823db8f50 nmethod 2511 0x000002d80d56f590 code [0x000002d80d56f740, 0x000002d80d56f9e8]
Event: 4.219 Thread 0x000002d823db8f50 2512       3       jdk.internal.misc.Unsafe::pickPos (14 bytes)
Event: 4.219 Thread 0x000002d823db8f50 nmethod 2512 0x000002d80d56fa90 code [0x000002d80d56fc20, 0x000002d80d56fd20]
Event: 4.219 Thread 0x000002d823db8f50 2513       3       java.io.ObjectInputStream$PeekInputStream::peek (49 bytes)
Event: 4.219 Thread 0x000002d823db8f50 nmethod 2513 0x000002d80d56fd90 code [0x000002d80d56ff40, 0x000002d80d570200]
Event: 4.219 Thread 0x000002d823dadd30 2515       4       java.io.BufferedInputStream::implRead (112 bytes)
Event: 4.219 Thread 0x000002d823db8f50 2517       3       java.lang.invoke.VarHandleByteArrayAsShorts$ArrayHandle::get (36 bytes)
Event: 4.220 Thread 0x000002d823db8f50 nmethod 2517 0x000002d80d570310 code [0x000002d80d5704e0, 0x000002d80d5708c0]
Event: 4.220 Thread 0x000002d823db8f50 2518       3       java.io.ObjectInputStream$BlockDataInputStream::readByte (20 bytes)
Event: 4.220 Thread 0x000002d823db8f50 nmethod 2518 0x000002d80d570a90 code [0x000002d80d570c60, 0x000002d80d570e78]
Event: 4.220 Thread 0x000002d823db8f50 2519       3       java.io.ObjectInputStream$BlockDataInputStream::read (62 bytes)
Event: 4.220 Thread 0x000002d823db8f50 nmethod 2519 0x000002d80d570f90 code [0x000002d80d571160, 0x000002d80d571448]
Event: 4.234 Thread 0x000002d823dadd30 nmethod 2515 0x000002d814d2c790 code [0x000002d814d2c9e0, 0x000002d814d2d880]
Event: 4.234 Thread 0x000002d823dadd30 2514   !   4       java.io.BufferedInputStream::read (69 bytes)
Event: 4.238 Thread 0x000002d823dadd30 nmethod 2514 0x000002d814d2df90 code [0x000002d814d2e180, 0x000002d814d2e650]
Event: 4.238 Thread 0x000002d823dadd30 2516       4       java.io.BufferedInputStream::ensureOpen (18 bytes)
Event: 4.238 Thread 0x000002d823dadd30 nmethod 2516 0x000002d814d2eb10 code [0x000002d814d2eca0, 0x000002d814d2ed48]
Event: 4.334 Thread 0x000002d823db8f50 2520   !   3       java.util.zip.Inflater::needsInput (55 bytes)
Event: 4.334 Thread 0x000002d823db8f50 nmethod 2520 0x000002d80d571590 code [0x000002d80d571740, 0x000002d80d571b00]
Event: 4.334 Thread 0x000002d823db8f50 2521   !   3       java.util.zip.Inflater::inflate (456 bytes)

GC Heap History (8 events):
Event: 0.222 GC heap before
{Heap before GC invocations=0 (full 0):
 garbage-first heap   total 260096K, used 26624K [0x0000000703a00000, 0x0000000800000000)
  region size 2048K, 11 young (22528K), 0 survivors (0K)
 Metaspace       used 787K, committed 896K, reserved 1114112K
  class space    used 62K, committed 128K, reserved 1048576K
}
Event: 0.242 GC heap after
{Heap after GC invocations=1 (full 0):
 garbage-first heap   total 260096K, used 24575K [0x0000000703a00000, 0x0000000800000000)
  region size 2048K, 2 young (4096K), 2 survivors (4096K)
 Metaspace       used 787K, committed 896K, reserved 1114112K
  class space    used 62K, committed 128K, reserved 1048576K
}
Event: 0.463 GC heap before
{Heap before GC invocations=1 (full 0):
 garbage-first heap   total 260096K, used 34815K [0x0000000703a00000, 0x0000000800000000)
  region size 2048K, 7 young (14336K), 2 survivors (4096K)
 Metaspace       used 4206K, committed 4416K, reserved 1114112K
  class space    used 445K, committed 512K, reserved 1048576K
}
Event: 0.472 GC heap after
{Heap after GC invocations=2 (full 0):
 garbage-first heap   total 260096K, used 32768K [0x0000000703a00000, 0x0000000800000000)
  region size 2048K, 1 young (2048K), 1 survivors (2048K)
 Metaspace       used 4206K, committed 4416K, reserved 1114112K
  class space    used 445K, committed 512K, reserved 1048576K
}
Event: 1.431 GC heap before
{Heap before GC invocations=2 (full 0):
 garbage-first heap   total 260096K, used 53248K [0x0000000703a00000, 0x0000000800000000)
  region size 2048K, 12 young (24576K), 1 survivors (2048K)
 Metaspace       used 11628K, committed 11968K, reserved 1114112K
  class space    used 1516K, committed 1728K, reserved 1048576K
}
Event: 1.435 GC heap after
{Heap after GC invocations=3 (full 0):
 garbage-first heap   total 260096K, used 34759K [0x0000000703a00000, 0x0000000800000000)
  region size 2048K, 2 young (4096K), 2 survivors (4096K)
 Metaspace       used 11628K, committed 11968K, reserved 1114112K
  class space    used 1516K, committed 1728K, reserved 1048576K
}
Event: 3.667 GC heap before
{Heap before GC invocations=3 (full 0):
 garbage-first heap   total 260096K, used 65479K [0x0000000703a00000, 0x0000000800000000)
  region size 2048K, 8 young (16384K), 2 survivors (4096K)
 Metaspace       used 14017K, committed 14400K, reserved 1114112K
  class space    used 1919K, committed 2112K, reserved 1048576K
}
Event: 3.691 GC heap after
{Heap after GC invocations=4 (full 0):
 garbage-first heap   total 260096K, used 57463K [0x0000000703a00000, 0x0000000800000000)
  region size 2048K, 1 young (2048K), 1 survivors (2048K)
 Metaspace       used 14017K, committed 14400K, reserved 1114112K
  class space    used 1919K, committed 2112K, reserved 1048576K
}

Dll operation events (14 events):
Event: 0.010 Loaded shared library C:\Program Files\Java\jdk-21\bin\java.dll
Event: 0.054 Loaded shared library C:\Program Files\Java\jdk-21\bin\jsvml.dll
Event: 0.118 Loaded shared library C:\Program Files\Java\jdk-21\bin\zip.dll
Event: 0.125 Loaded shared library C:\Program Files\Java\jdk-21\bin\instrument.dll
Event: 0.132 Loaded shared library C:\Program Files\Java\jdk-21\bin\net.dll
Event: 0.135 Loaded shared library C:\Program Files\Java\jdk-21\bin\nio.dll
Event: 0.141 Loaded shared library C:\Program Files\Java\jdk-21\bin\zip.dll
Event: 0.183 Loaded shared library C:\Program Files\Java\jdk-21\bin\extnet.dll
Event: 0.262 Loaded shared library C:\lab08\JNI\src\main\java\pl\e_science\git\jni\nativesorter.dll
Event: 0.269 Loaded shared library C:\Program Files\Java\jdk-21\bin\jimage.dll
Event: 0.330 Loaded shared library C:\Program Files\Java\jdk-21\bin\verify.dll
Event: 0.340 Loaded shared library C:\Program Files\Java\jdk-21\bin\management.dll
Event: 0.356 Loaded shared library C:\Program Files\Java\jdk-21\bin\management_ext.dll
Event: 0.775 Loaded shared library C:\Program Files\Java\jdk-21\bin\instrument.dll

Deoptimization events (20 events):
Event: 2.096 Thread 0x000002d802ad2ea0 Uncommon trap: trap_request=0xffffff45 fr.pc=0x000002d814cf907c relative=0x00000000000004fc
Event: 2.096 Thread 0x000002d802ad2ea0 Uncommon trap: reason=unstable_if action=reinterpret pc=0x000002d814cf907c method=java.util.ComparableTimSort.gallopRight(Ljava/lang/Comparable;[Ljava/lang/Object;III)I @ 147 c2
Event: 2.096 Thread 0x000002d802ad2ea0 DEOPT PACKING pc=0x000002d814cf907c sp=0x000000e59d7fe4f0
Event: 2.096 Thread 0x000002d802ad2ea0 DEOPT UNPACKING pc=0x000002d8146c7da2 sp=0x000000e59d7fe498 mode 2
Event: 2.323 Thread 0x000002d802ad2ea0 Uncommon trap: trap_request=0xffffff45 fr.pc=0x000002d814d0ca88 relative=0x0000000000000848
Event: 2.323 Thread 0x000002d802ad2ea0 Uncommon trap: reason=unstable_if action=reinterpret pc=0x000002d814d0ca88 method=java.util.ComparableTimSort.countRunAndMakeAscending([Ljava/lang/Object;II)I @ 91 c2
Event: 2.323 Thread 0x000002d802ad2ea0 DEOPT PACKING pc=0x000002d814d0ca88 sp=0x000000e59d7fe660
Event: 2.323 Thread 0x000002d802ad2ea0 DEOPT UNPACKING pc=0x000002d8146c7da2 sp=0x000000e59d7fe630 mode 2
Event: 2.323 Thread 0x000002d802ad2ea0 Uncommon trap: trap_request=0xffffffd6 fr.pc=0x000002d814d1234c relative=0x0000000000001e0c
Event: 2.323 Thread 0x000002d802ad2ea0 Uncommon trap: reason=array_check action=maybe_recompile pc=0x000002d814d1234c method=java.util.ComparableTimSort.mergeHi(IIII)V @ 415 c2
Event: 2.323 Thread 0x000002d802ad2ea0 DEOPT PACKING pc=0x000002d814d1234c sp=0x000000e59d7fe510
Event: 2.323 Thread 0x000002d802ad2ea0 DEOPT UNPACKING pc=0x000002d8146c7da2 sp=0x000000e59d7fe510 mode 2
Event: 2.323 Thread 0x000002d802ad2ea0 Uncommon trap: trap_request=0xffffffd6 fr.pc=0x000002d814d1234c relative=0x0000000000001e0c
Event: 2.323 Thread 0x000002d802ad2ea0 Uncommon trap: reason=array_check action=maybe_recompile pc=0x000002d814d1234c method=java.util.ComparableTimSort.mergeHi(IIII)V @ 415 c2
Event: 2.323 Thread 0x000002d802ad2ea0 DEOPT PACKING pc=0x000002d814d1234c sp=0x000000e59d7fe510
Event: 2.323 Thread 0x000002d802ad2ea0 DEOPT UNPACKING pc=0x000002d8146c7da2 sp=0x000000e59d7fe510 mode 2
Event: 2.323 Thread 0x000002d802ad2ea0 Uncommon trap: trap_request=0xffffff76 fr.pc=0x000002d814cfe23c relative=0x00000000000018bc
Event: 2.323 Thread 0x000002d802ad2ea0 Uncommon trap: reason=predicate action=maybe_recompile pc=0x000002d814cfe23c method=java.util.ComparableTimSort.mergeHi(IIII)V @ 303 c2
Event: 2.323 Thread 0x000002d802ad2ea0 DEOPT PACKING pc=0x000002d814cfe23c sp=0x000000e59d7fe530
Event: 2.323 Thread 0x000002d802ad2ea0 DEOPT UNPACKING pc=0x000002d8146c7da2 sp=0x000000e59d7fe518 mode 2

Classes loaded (20 events):
Event: 2.550 Loading class org/mockito/invocation/Invocation
Event: 2.550 Loading class org/mockito/invocation/Invocation done
Event: 2.550 Loading class org/mockito/invocation/Invocation
Event: 2.550 Loading class org/mockito/invocation/Invocation done
Event: 2.551 Loading class org/mockito/internal/invocation/MatcherApplicationStrategy
Event: 2.551 Loading class org/mockito/internal/invocation/MatcherApplicationStrategy done
Event: 2.551 Loading class org/mockito/internal/invocation/TypeSafeMatching
Event: 2.551 Loading class org/mockito/internal/invocation/TypeSafeMatching done
Event: 2.551 Loading class org/mockito/internal/verification/checkers/NumberOfInvocationsChecker
Event: 2.551 Loading class org/mockito/internal/verification/checkers/NumberOfInvocationsChecker done
Event: 2.552 Loading class org/mockito/internal/invocation/InvocationMarker
Event: 2.552 Loading class org/mockito/internal/invocation/InvocationMarker done
Event: 2.553 Loading class org/mockito/internal/invocation/InvocationMatcher$1
Event: 2.553 Loading class org/mockito/internal/invocation/InvocationMatcher$1 done
Event: 2.553 Loading class org/mockito/internal/verification/VerificationEventImpl
Event: 2.553 Loading class org/mockito/internal/verification/VerificationEventImpl done
Event: 4.333 Loading class org/mockito/internal/matchers/Any
Event: 4.333 Loading class org/mockito/internal/matchers/Any done
Event: 4.334 Loading class org/mockito/internal/matchers/LocalizedMatcher
Event: 4.334 Loading class org/mockito/internal/matchers/LocalizedMatcher done

Classes unloaded (0 events):
No events

Classes redefined (2 events):
Event: 1.651 Thread 0x000002d823d85a70 redefined class name=java.lang.Object, count=1
Event: 1.651 Thread 0x000002d823d85a70 redefined class name=pl.e_science.git.ivahan0788.NativeSorter, count=2

Internal exceptions (20 events):
Event: 0.840 Thread 0x000002d8698ab150 Exception <a 'java/lang/ClassNotFoundException'{0x00000007133c5830}: javax/management/remote/rmi/RMIConnectionImpl_Skel> (0x00000007133c5830) 
thrown [s\open\src\hotspot\share\classfile\systemDictionary.cpp, line 312]
Event: 0.842 Thread 0x000002d869c91bf0 Exception <a 'java/lang/NoSuchMethodError'{0x00000007130051e0}: 'java.lang.Object java.lang.invoke.Invokers$Holder.linkToTargetMethod(java.lang.Object, long, java.lang.Object)'> (0x00000007130051e0) 
thrown [s\open\src\hotspot\share\interpreter\linkResolver.cpp, line 773]
Event: 0.845 Thread 0x000002d802ad2ea0 Exception <a 'java/lang/NoSuchMethodError'{0x00000007133950a8}: 'java.lang.Object java.lang.invoke.DirectMethodHandle$Holder.invokeStatic(java.lang.Object, int, java.lang.Object)'> (0x00000007133950a8) 
thrown [s\open\src\hotspot\share\interpreter\linkResolver.cpp, line 773]
Event: 0.869 Thread 0x000002d8698ab150 Exception <a 'java/lang/NoSuchMethodError'{0x0000000713047610}: 'int java.lang.invoke.DelegatingMethodHandle$Holder.reinvoke_L(java.lang.Object, java.lang.Object, java.lang.Object, java.lang.Object, java.lang.Object)'> (0x0000000713047610) 
thrown [s\open\src\hotspot\share\interpreter\linkResolver.cpp, line 773]
Event: 0.886 Thread 0x000002d8698ab150 Exception <a 'java/lang/NoSuchMethodError'{0x0000000713063248}: 'java.lang.Object java.lang.invoke.DirectMethodHandle$Holder.invokeInterface(java.lang.Object, java.lang.Object, java.lang.Object, java.lang.Object, java.lang.Object)'> (0x0000000713063248) 
thrown [s\open\src\hotspot\share\interpreter\linkResolver.cpp, line 773]
Event: 0.891 Thread 0x000002d8698ab150 Exception <a 'java/lang/NoSuchMethodError'{0x0000000713086b08}: 'double java.lang.invoke.DirectMethodHandle$Holder.invokeInterface(java.lang.Object, java.lang.Object)'> (0x0000000713086b08) 
thrown [s\open\src\hotspot\share\interpreter\linkResolver.cpp, line 773]
Event: 0.892 Thread 0x000002d8698ab150 Exception <a 'java/lang/NoSuchMethodError'{0x000000071308e4e8}: 'double java.lang.invoke.DelegatingMethodHandle$Holder.reinvoke_L(java.lang.Object, java.lang.Object)'> (0x000000071308e4e8) 
thrown [s\open\src\hotspot\share\interpreter\linkResolver.cpp, line 773]
Event: 0.914 Thread 0x000002d802ad2ea0 Exception <a 'java/lang/NoSuchMethodError'{0x00000007133ba808}: 'java.lang.Object java.lang.invoke.DirectMethodHandle$Holder.newInvokeSpecial(java.lang.Object, java.lang.Object, java.lang.Object, java.lang.Object, java.lang.Object)'> (0x00000007133ba808) 
thrown [s\open\src\hotspot\share\interpreter\linkResolver.cpp, line 773]
Event: 1.130 Thread 0x000002d802ad2ea0 Exception <a 'java/lang/NoSuchMethodError'{0x0000000712842a78}: 'int java.lang.invoke.DirectMethodHandle$Holder.invokeVirtual(java.lang.Object, java.lang.Object)'> (0x0000000712842a78) 
thrown [s\open\src\hotspot\share\interpreter\linkResolver.cpp, line 773]
Event: 1.349 Thread 0x000002d802ad2ea0 Exception <a 'java/lang/NoSuchMethodError'{0x00000007122e9628}: 'java.lang.Object java.lang.invoke.DirectMethodHandle$Holder.invokeVirtual(java.lang.Object, java.lang.Object, java.lang.Object)'> (0x00000007122e9628) 
thrown [s\open\src\hotspot\share\interpreter\linkResolver.cpp, line 773]
Event: 1.448 Thread 0x000002d8698ab150 Exception <a 'java/lang/NoSuchMethodError'{0x000000071366fe20}: 'long java.lang.invoke.DirectMethodHandle$Holder.invokeVirtual(java.lang.Object, java.lang.Object)'> (0x000000071366fe20) 
thrown [s\open\src\hotspot\share\interpreter\linkResolver.cpp, line 773]
Event: 1.545 Thread 0x000002d802ad2ea0 Exception <a 'java/lang/NoClassDefFoundError'{0x000000071329b600}: org/objenesis/ObjenesisStd> (0x000000071329b600) 
thrown [s\open\src\hotspot\share\classfile\systemDictionary.cpp, line 301]
Event: 1.546 Thread 0x000002d802ad2ea0 Exception <a 'java/lang/NoClassDefFoundError'{0x000000071329b600}> (0x000000071329b600) 
thrown [s\open\src\hotspot\share\oops\instanceKlass.cpp, line 1192]
Event: 1.561 Thread 0x000002d802ad2ea0 Exception <a 'java/lang/NoSuchMethodError'{0x00000007133506a8}: 'void java.lang.invoke.DelegatingMethodHandle$Holder.reinvoke_L(java.lang.Object, java.lang.Object, java.lang.Object, java.lang.Object, java.lang.Object, java.lang.Object, java.lang.Object, java.lang.Object)'> (0x00000007133506a8) 
thrown [s\open\src\hotspot\share\interpreter\linkResolver.cpp, line 773]
Event: 1.563 Thread 0x000002d802ad2ea0 Implicit null exception at 0x000002d814c84e3d to 0x000002d814c85234
Event: 1.581 Thread 0x000002d802ad2ea0 Exception <a 'java/lang/NoSuchMethodError'{0x00000007133e4ed0}: method resolution failed> (0x00000007133e4ed0) 
thrown [s\open\src\hotspot\share\prims\methodHandles.cpp, line 1144]
Event: 1.583 Thread 0x000002d802ad2ea0 Exception <a 'java/lang/NoSuchMethodError'{0x00000007133f2078}: 'java.lang.Class java.lang.Class.getNestHost(java.lang.Class)'> (0x00000007133f2078) 
thrown [s\open\src\hotspot\share\interpreter\linkResolver.cpp, line 773]
Event: 1.584 Thread 0x000002d802ad2ea0 Exception <a 'java/lang/NoSuchMethodError'{0x00000007133f39f8}: 'java.lang.Class[] java.lang.Class.getNestMembers(java.lang.Class)'> (0x00000007133f39f8) 
thrown [s\open\src\hotspot\share\interpreter\linkResolver.cpp, line 773]
Event: 1.713 Thread 0x000002d802ad2ea0 Exception <a 'java/lang/IncompatibleClassChangeError'{0x0000000712ebcc68}: Found class java.lang.Object, but interface was expected> (0x0000000712ebcc68) 
thrown [s\open\src\hotspot\share\interpreter\linkResolver.cpp, line 840]
Event: 1.735 Thread 0x000002d802ad2ea0 Exception <a 'java/lang/NoSuchMethodError'{0x0000000712f07950}: 'void java.lang.invoke.DirectMethodHandle$Holder.invokeVirtual(java.lang.Object, java.lang.Object)'> (0x0000000712f07950) 
thrown [s\open\src\hotspot\share\interpreter\linkResolver.cpp, line 773]

ZGC Phase Switch (0 events):
No events

VM Operations (20 events):
Event: 0.704 Executing VM operation: HandshakeAllThreads (Deoptimize)
Event: 0.704 Executing VM operation: HandshakeAllThreads (Deoptimize) done
Event: 0.839 Executing VM operation: HandshakeAllThreads (Deoptimize)
Event: 0.839 Executing VM operation: HandshakeAllThreads (Deoptimize) done
Event: 1.227 Executing VM operation: ICBufferFull
Event: 1.227 Executing VM operation: ICBufferFull done
Event: 1.376 Executing VM operation: HandshakeAllThreads (Deoptimize)
Event: 1.376 Executing VM operation: HandshakeAllThreads (Deoptimize) done
Event: 1.382 Executing VM operation: HandshakeAllThreads (Deoptimize)
Event: 1.382 Executing VM operation: HandshakeAllThreads (Deoptimize) done
Event: 1.431 Executing VM operation: G1CollectForAllocation (G1 Evacuation Pause)
Event: 1.435 Executing VM operation: G1CollectForAllocation (G1 Evacuation Pause) done
Event: 1.463 Executing VM operation: HandshakeAllThreads (Deoptimize)
Event: 1.463 Executing VM operation: HandshakeAllThreads (Deoptimize) done
Event: 1.646 Executing VM operation: RedefineClasses
Event: 1.660 Executing VM operation: RedefineClasses done
Event: 2.673 Executing VM operation: Cleanup
Event: 2.673 Executing VM operation: Cleanup done
Event: 3.667 Executing VM operation: G1CollectForAllocation (G1 Evacuation Pause)
Event: 3.691 Executing VM operation: G1CollectForAllocation (G1 Evacuation Pause) done

Events (20 events):
Event: 0.050 Thread 0x000002d823da4f90 Thread added: 0x000002d823da4f90
Event: 0.051 Thread 0x000002d823da8000 Thread added: 0x000002d823da8000
Event: 0.051 Thread 0x000002d823daac50 Thread added: 0x000002d823daac50
Event: 0.051 Thread 0x000002d823dabbc0 Thread added: 0x000002d823dabbc0
Event: 0.051 Thread 0x000002d823dac8b0 Thread added: 0x000002d823dac8b0
Event: 0.051 Thread 0x000002d823dadd30 Thread added: 0x000002d823dadd30
Event: 0.051 Thread 0x000002d823db8f50 Thread added: 0x000002d823db8f50
Event: 0.087 Thread 0x000002d8690c02b0 Thread added: 0x000002d8690c02b0
Event: 0.166 Thread 0x000002d86924dd60 Thread added: 0x000002d86924dd60
Event: 0.166 Thread 0x000002d86924e3c0 Thread added: 0x000002d86924e3c0
Event: 0.290 Thread 0x000002d8692f6530 Thread added: 0x000002d8692f6530
Event: 0.294 Thread 0x000002d869320420 Thread added: 0x000002d869320420
Event: 0.718 Thread 0x000002d869b394b0 Thread added: 0x000002d869b394b0
Event: 0.787 Thread 0x000002d8698ab150 Thread added: 0x000002d8698ab150
Event: 0.792 Thread 0x000002d869320420 Thread exited: 0x000002d869320420
Event: 0.820 Thread 0x000002d869c90980 Thread added: 0x000002d869c90980
Event: 0.836 Thread 0x000002d869c91bf0 Thread added: 0x000002d869c91bf0
Event: 1.661 Thread 0x000002d86a308280 Thread added: 0x000002d86a308280
Event: 3.517 Thread 0x000002d86a308280 Thread exited: 0x000002d86a308280
Event: 3.517 Thread 0x000002d8692f6530 Thread exited: 0x000002d8692f6530


Dynamic libraries:
0x00007ff6fd300000 - 0x00007ff6fd310000 	C:\Program Files\Java\jdk-21\bin\java.exe
0x00007ffbadc90000 - 0x00007ffbade88000 	C:\Windows\SYSTEM32\ntdll.dll
0x00007ffbadab0000 - 0x00007ffbadb72000 	C:\Windows\System32\KERNEL32.DLL
0x00007ffbab350000 - 0x00007ffbab646000 	C:\Windows\System32\KERNELBASE.dll
0x00007ffbab650000 - 0x00007ffbab750000 	C:\Windows\System32\ucrtbase.dll
0x00007ffba1860000 - 0x00007ffba187b000 	C:\Program Files\Java\jdk-21\bin\VCRUNTIME140.dll
0x00007ffba1840000 - 0x00007ffba1859000 	C:\Program Files\Java\jdk-21\bin\jli.dll
0x00007ffbac530000 - 0x00007ffbac5df000 	C:\Windows\System32\ADVAPI32.dll
0x00007ffbad510000 - 0x00007ffbad5ae000 	C:\Windows\System32\msvcrt.dll
0x00007ffbad9b0000 - 0x00007ffbada4f000 	C:\Windows\System32\sechost.dll
0x00007ffbac130000 - 0x00007ffbac253000 	C:\Windows\System32\RPCRT4.dll
0x00007ffbab320000 - 0x00007ffbab347000 	C:\Windows\System32\bcrypt.dll
0x00007ffbaca70000 - 0x00007ffbacc0d000 	C:\Windows\System32\USER32.dll
0x00007ffbab750000 - 0x00007ffbab772000 	C:\Windows\System32\win32u.dll
0x00007ffb8d7a0000 - 0x00007ffb8da3a000 	C:\Windows\WinSxS\amd64_microsoft.windows.common-controls_6595b64144ccf1df_6.0.19041.4355_none_60b8b9eb71f62e16\COMCTL32.dll
0x00007ffbac790000 - 0x00007ffbac7bb000 	C:\Windows\System32\GDI32.dll
0x00007ffbab850000 - 0x00007ffbab96a000 	C:\Windows\System32\gdi32full.dll
0x00007ffbaba00000 - 0x00007ffbaba9d000 	C:\Windows\System32\msvcp_win.dll
0x00007ffba0670000 - 0x00007ffba067a000 	C:\Windows\SYSTEM32\VERSION.dll
0x00007ffbac280000 - 0x00007ffbac2af000 	C:\Windows\System32\IMM32.DLL
0x00007ffba1830000 - 0x00007ffba183c000 	C:\Program Files\Java\jdk-21\bin\vcruntime140_1.dll
0x00007ffba17a0000 - 0x00007ffba182e000 	C:\Program Files\Java\jdk-21\bin\msvcp140.dll
0x00007ffb2f790000 - 0x00007ffb304aa000 	C:\Program Files\Java\jdk-21\bin\server\jvm.dll
0x00007ffbac310000 - 0x00007ffbac37b000 	C:\Windows\System32\WS2_32.dll
0x00007ffbaa810000 - 0x00007ffbaa85b000 	C:\Windows\SYSTEM32\POWRPROF.dll
0x00007ffb8e320000 - 0x00007ffb8e347000 	C:\Windows\SYSTEM32\WINMM.dll
0x00007ffbaa6e0000 - 0x00007ffbaa6f2000 	C:\Windows\SYSTEM32\UMPDC.dll
0x00007ffba9b00000 - 0x00007ffba9b12000 	C:\Windows\SYSTEM32\kernel.appcore.dll
0x00007ffba1790000 - 0x00007ffba179a000 	C:\Program Files\Java\jdk-21\bin\jimage.dll
0x00007ffba8cf0000 - 0x00007ffba8ed4000 	C:\Windows\SYSTEM32\DBGHELP.DLL
0x00007ffb886e0000 - 0x00007ffb88714000 	C:\Windows\SYSTEM32\dbgcore.DLL
0x00007ffbab970000 - 0x00007ffbab9f2000 	C:\Windows\System32\bcryptPrimitives.dll
0x00007ffba1780000 - 0x00007ffba178f000 	C:\Program Files\Java\jdk-21\bin\instrument.dll
0x00007ffba1760000 - 0x00007ffba177f000 	C:\Program Files\Java\jdk-21\bin\java.dll
0x00007ffbacda0000 - 0x00007ffbad50f000 	C:\Windows\System32\SHELL32.dll
0x00007ffba9340000 - 0x00007ffba9ae3000 	C:\Windows\SYSTEM32\windows.storage.dll
0x00007ffbad5c0000 - 0x00007ffbad915000 	C:\Windows\System32\combase.dll
0x00007ffbaac70000 - 0x00007ffbaac9b000 	C:\Windows\SYSTEM32\Wldp.dll
0x00007ffbaccd0000 - 0x00007ffbacd9d000 	C:\Windows\System32\OLEAUT32.dll
0x00007ffbacc20000 - 0x00007ffbacccd000 	C:\Windows\System32\SHCORE.dll
0x00007ffbadbf0000 - 0x00007ffbadc45000 	C:\Windows\System32\shlwapi.dll
0x00007ffbab250000 - 0x00007ffbab275000 	C:\Windows\SYSTEM32\profapi.dll
0x00007ffb89380000 - 0x00007ffb89457000 	C:\Program Files\Java\jdk-21\bin\jsvml.dll
0x00007ffba07f0000 - 0x00007ffba0808000 	C:\Program Files\Java\jdk-21\bin\zip.dll
0x00007ffba0880000 - 0x00007ffba0890000 	C:\Program Files\Java\jdk-21\bin\net.dll
0x00007ffba3c60000 - 0x00007ffba3d6a000 	C:\Windows\SYSTEM32\WINHTTP.dll
0x00007ffbaaa50000 - 0x00007ffbaaabc000 	C:\Windows\system32\mswsock.dll
0x00007ffba07d0000 - 0x00007ffba07e6000 	C:\Program Files\Java\jdk-21\bin\nio.dll
0x00007ffba07c0000 - 0x00007ffba07c9000 	C:\Program Files\Java\jdk-21\bin\extnet.dll
0x00007ffb84430000 - 0x00007ffb84495000 	C:\lab08\JNI\src\main\java\pl\e_science\git\jni\nativesorter.dll
0x00007ffbaa740000 - 0x00007ffbaa80a000 	C:\Windows\SYSTEM32\DNSAPI.dll
0x00007ffbaa700000 - 0x00007ffbaa73b000 	C:\Windows\SYSTEM32\IPHLPAPI.DLL
0x00007ffbadbe0000 - 0x00007ffbadbe8000 	C:\Windows\System32\NSI.dll
0x00007ffb9ef60000 - 0x00007ffb9ef6a000 	C:\Windows\System32\rasadhlp.dll
0x00007ffb98420000 - 0x00007ffb984a0000 	C:\Windows\System32\fwpuclnt.dll
0x00007ffba07b0000 - 0x00007ffba07c0000 	C:\Program Files\Java\jdk-21\bin\verify.dll
0x00007ffba07a0000 - 0x00007ffba07aa000 	C:\Program Files\Java\jdk-21\bin\management.dll
0x00007ffb9f770000 - 0x00007ffb9f77b000 	C:\Program Files\Java\jdk-21\bin\management_ext.dll
0x00007ffbad5b0000 - 0x00007ffbad5b8000 	C:\Windows\System32\PSAPI.DLL
0x00007ffbaacb0000 - 0x00007ffbaacc8000 	C:\Windows\SYSTEM32\CRYPTSP.dll
0x00007ffbaa320000 - 0x00007ffbaa358000 	C:\Windows\system32\rsaenh.dll
0x00007ffbab210000 - 0x00007ffbab23e000 	C:\Windows\SYSTEM32\USERENV.dll
0x00007ffbaabe0000 - 0x00007ffbaabec000 	C:\Windows\SYSTEM32\CRYPTBASE.dll
0x00007ffb805d0000 - 0x00007ffb805e7000 	C:\Windows\system32\napinsp.dll
0x00007ffb805b0000 - 0x00007ffb805cb000 	C:\Windows\system32\pnrpnsp.dll
0x00007ffba3f30000 - 0x00007ffba3f45000 	C:\Windows\system32\wshbth.dll
0x00007ffba3c40000 - 0x00007ffba3c5d000 	C:\Windows\system32\NLAapi.dll
0x00007ffb80590000 - 0x00007ffb805a2000 	C:\Windows\System32\winrnr.dll
0x00007ffb84880000 - 0x00007ffb848d1000 	C:\Windows\SYSTEM32\pdh.dll
0x00007ffb81c20000 - 0x00007ffb81c2f000 	C:\Windows\System32\perfproc.dll
0x00007ffb803d0000 - 0x00007ffb803df000 	C:\Windows\System32\perfos.dll

dbghelp: loaded successfully - version: 4.0.5 - missing functions: none
symbol engine: initialized successfully - sym options: 0x614 - pdb path: .;C:\Program Files\Java\jdk-21\bin;C:\Windows\SYSTEM32;C:\Windows\WinSxS\amd64_microsoft.windows.common-controls_6595b64144ccf1df_6.0.19041.4355_none_60b8b9eb71f62e16;C:\Program Files\Java\jdk-21\bin\server;C:\lab08\JNI\src\main\java\pl\e_science\git\jni

VM Arguments:
jvm_args: -Djava.library.path=C:/lab08/JNI/src/main/java/pl/e_science/git/jni -javaagent:C:\Program Files\JetBrains\IntelliJ IDEA 2024.3.4\lib\idea_rt.jar=62584 -Dfile.encoding=UTF-8 -Dsun.stdout.encoding=UTF-8 -Dsun.stderr.encoding=UTF-8 
java_command: pl.e_science.git.ivahan0788.PerformanceTestWithMockito
java_class_path (initial): C:\lab08\JNI\target\classes;C:\lab08\JNI\libs\mockito-core-5.17.0.jar;C:\lab08\JNI\libs\byte-buddy-agent-1.14.11.jar;C:\lab08\JNI\libs\byte-buddy-1.14.11.jar
Launcher Type: SUN_STANDARD

[Global flags]
     intx CICompilerCount                          = 4                                         {product} {ergonomic}
     uint ConcGCThreads                            = 2                                         {product} {ergonomic}
     uint G1ConcRefinementThreads                  = 8                                         {product} {ergonomic}
   size_t G1HeapRegionSize                         = 2097152                                   {product} {ergonomic}
    uintx GCDrainStackTargetSize                   = 64                                        {product} {ergonomic}
   size_t InitialHeapSize                          = 266338304                                 {product} {ergonomic}
   size_t MarkStackSize                            = 4194304                                   {product} {ergonomic}
   size_t MaxHeapSize                              = 4234149888                                {product} {ergonomic}
   size_t MaxNewSize                               = 2539651072                                {product} {ergonomic}
   size_t MinHeapDeltaBytes                        = 2097152                                   {product} {ergonomic}
   size_t MinHeapSize                              = 8388608                                   {product} {ergonomic}
    uintx NonNMethodCodeHeapSize                   = 5839372                                {pd product} {ergonomic}
    uintx NonProfiledCodeHeapSize                  = 122909434                              {pd product} {ergonomic}
    uintx ProfiledCodeHeapSize                     = 122909434                              {pd product} {ergonomic}
    uintx ReservedCodeCacheSize                    = 251658240                              {pd product} {ergonomic}
     bool SegmentedCodeCache                       = true                                      {product} {ergonomic}
   size_t SoftMaxHeapSize                          = 4234149888                             {manageable} {ergonomic}
     bool UseCompressedOops                        = true                           {product lp64_product} {ergonomic}
     bool UseG1GC                                  = true                                      {product} {ergonomic}
     bool UseLargePagesIndividualAllocation        = false                                  {pd product} {ergonomic}

Logging:
Log output configuration:
 #0: stdout all=warning uptime,level,tags foldmultilines=false
 #1: stderr all=off uptime,level,tags foldmultilines=false

Environment Variables:
PATH=C:\Program Files\Java\jdk-21\bin;C:\Program Files (x86)\Common Files\Oracle\Java\javapath;C:\Windows\system32;C:\Windows;C:\Windows\System32\Wbem;C:\Windows\System32\WindowsPowerShell\v1.0\;C:\Windows\System32\OpenSSH\;D:\msys64\mingw64\bin;C:\Program Files\Git\cmd;C:\Program Files\nodejs\;D:\apache-maven-3.9.9-bin\apache-maven-3.9.9\bin;C:\Program Files\Docker\Docker\resources\bin;C:\Program Files\Process Lasso\;C:\Users\\AppData\Local\Programs\Python\Python311\Scripts\;C:\Users\\AppData\Local\Programs\Python\Python311\;C:\Users\\AppData\Local\Microsoft\WindowsApps;D:\Microsoft VS Code\bin;C:\Users\\AppData\Roaming\npm
USERNAME=
OS=Windows_NT
PROCESSOR_IDENTIFIER=Intel64 Family 6 Model 140 Stepping 1, GenuineIntel
TMP=C:\Temp
TEMP=C:\Temp




Periodic native trim disabled

---------------  S Y S T E M  ---------------

OS:
 Windows 10 , 64 bit Build 19041 (10.0.19041.5678)
OS uptime: 0 days 0:06 hours
Hyper-V role detected

CPU: total 8 (initial active 8) (4 cores per cpu, 2 threads per core) family 6 model 140 stepping 1 microcode 0xac, cx8, cmov, fxsr, ht, mmx, 3dnowpref, sse, sse2, sse3, ssse3, sse4.1, sse4.2, popcnt, lzcnt, tsc, tscinvbit, avx, avx2, aes, erms, clmul, bmi1, bmi2, adx, avx512f, avx512dq, avx512cd, avx512bw, avx512vl, sha, fma, vzeroupper, avx512_vpopcntdq, avx512_vpclmulqdq, avx512_vaes, avx512_vnni, clflush, clflushopt, clwb, avx512_vbmi2, avx512_vbmi, hv, rdtscp, rdpid, fsrm, gfni, avx512_bitalg, f16c, cet_ibt, cet_ss, avx512_ifma
Processor Information for processor 0
  Max Mhz: 2419, Current Mhz: 907, Mhz Limit: 2419
Processor Information for processor 1
  Max Mhz: 2419, Current Mhz: 2419, Mhz Limit: 2419
Processor Information for processor 2
  Max Mhz: 2419, Current Mhz: 2419, Mhz Limit: 2419
Processor Information for processor 3
  Max Mhz: 2419, Current Mhz: 2419, Mhz Limit: 2419
Processor Information for processor 4
  Max Mhz: 2419, Current Mhz: 2419, Mhz Limit: 2419
Processor Information for processor 5
  Max Mhz: 2419, Current Mhz: 907, Mhz Limit: 2419
Processor Information for processor 6
  Max Mhz: 2419, Current Mhz: 907, Mhz Limit: 2419
Processor Information for processor 7
  Max Mhz: 2419, Current Mhz: 907, Mhz Limit: 2419

Memory: 4k page, system-wide physical 16149M (7370M free)
TotalPageFile size 21781M (AvailPageFile size 11428M)
current process WorkingSet (physical memory assigned to process): 196M, peak: 203M
current process commit charge ("private bytes"): 413M, peak: 421M

vm_info: Java HotSpot(TM) 64-Bit Server VM (21.0.6+8-LTS-188) for windows-amd64 JRE (21.0.6+8-LTS-188), built on 2024-12-03T10:50:54Z by "mach5one" with MS VC++ 17.6 (VS2022)

END.
